<?xml version="1.0" encoding="UTF-8"?>
<!-- Generated by org.testng.reporters.JUnitXMLReporter -->
<testsuite hostname="Fadwas-MacBook-Pro.local" ignored="3" name="Test" tests="3" failures="0" timestamp="2020-05-31T12:43:31 EDT" time="27.176" errors="0">
  <testcase name="emptyUsernameLogin" time="0.554" classname="com.hrms.testcases.LoginTest"/>
  <testcase name="invalidPasswordLogin" time="1.15" classname="com.hrms.testcases.LoginTest"/>
  <testcase name="test" time="0.0" classname="com.hrms.testcases.AddEmployeeTest">
    <skipped/>
  </testcase> <!-- test -->
  <testcase name="@BeforeTest generateReport" time="0.0" classname="com.hrms.testbase.BaseClass">
    <ignored/>
  </testcase> <!-- @BeforeTest generateReport -->
  <testcase name="@AfterTest writeReport" time="0.0" classname="com.hrms.testbase.BaseClass">
    <ignored/>
  </testcase> <!-- @AfterTest writeReport -->
  <testcase name="validAdminLogin" time="0.0" classname="com.hrms.testcases.LoginTest">
    <ignored/>
  </testcase> <!-- validAdminLogin -->
</testsuite> <!-- Test -->
